<?xml version="1.0" encoding="UTF-8"?>
<!-- Generated by org.testng.reporters.JUnitReportReporter -->
<testsuite hostname="IN-2953GK3" failures="0" tests="1" name="jenkins.FacebookLogin" time="3.254" errors="0" timestamp="11 Jan 2024 08:01:41 GMT" skipped="0">
  <testcase classname="jenkins.FacebookLogin" name="loginpage" time="3.254"/>
</testsuite> <!-- jenkins.FacebookLogin -->
