<?xml version="1.0" encoding="UTF-8"?>
<!-- Generated by org.testng.reporters.JUnitReportReporter -->
<testsuite hostname="IN-2953GK3" failures="0" tests="1" name="jenkins.GoogleSeachPage" time="3.676" errors="0" timestamp="11 Jan 2024 08:00:53 GMT" skipped="0">
  <testcase classname="jenkins.GoogleSeachPage" name="GoogleTest" time="3.676"/>
</testsuite> <!-- jenkins.GoogleSeachPage -->
